<?xml version="1.0" encoding="UTF-8"?>
<coverage generated="1773056209847" clover="3.2.0">
  <project timestamp="1773056209847" name="All files">
    <metrics statements="26" coveredstatements="25" conditionals="12" coveredconditionals="11" methods="18" coveredmethods="17" elements="56" coveredelements="53" complexity="0" loc="26" ncloc="26" packages="1" files="3" classes="3"/>
    <file name="ErrorBoundary.tsx" path="/Users/mehdinabhani/Projects/antigravity/fun_projects/vidiq/web/src/components/ErrorBoundary.tsx">
      <metrics statements="8" coveredstatements="7" conditionals="4" coveredconditionals="3" methods="5" coveredmethods="4"/>
      <line num="14" count="6" type="stmt"/>
      <line num="15" count="6" type="stmt"/>
      <line num="19" count="4" type="stmt"/>
      <line num="23" count="2" type="stmt"/>
      <line num="27" count="9" type="cond" truecount="2" falsecount="0"/>
      <line num="28" count="4" type="stmt"/>
      <line num="54" count="0" type="stmt"/>
      <line num="72" count="5" type="stmt"/>
    </file>
    <file name="Skeleton.tsx" path="/Users/mehdinabhani/Projects/antigravity/fun_projects/vidiq/web/src/components/Skeleton.tsx">
      <metrics statements="5" coveredstatements="5" conditionals="5" coveredconditionals="5" methods="5" coveredmethods="5"/>
      <line num="10" count="34" type="stmt"/>
      <line num="26" count="9" type="stmt"/>
      <line num="40" count="1" type="stmt"/>
      <line num="65" count="2" type="stmt"/>
      <line num="68" count="8" type="stmt"/>
    </file>
    <file name="Toast.tsx" path="/Users/mehdinabhani/Projects/antigravity/fun_projects/vidiq/web/src/components/Toast.tsx">
      <metrics statements="13" coveredstatements="13" conditionals="3" coveredconditionals="3" methods="8" coveredmethods="8"/>
      <line num="16" count="1" type="stmt"/>
      <line num="19" count="17" type="stmt"/>
      <line num="20" count="17" type="cond" truecount="2" falsecount="0"/>
      <line num="21" count="14" type="stmt"/>
      <line num="24" count="1" type="stmt"/>
      <line num="27" count="14" type="stmt"/>
      <line num="29" count="14" type="cond" truecount="1" falsecount="0"/>
      <line num="30" count="7" type="stmt"/>
      <line num="31" count="7" type="stmt"/>
      <line num="32" count="7" type="stmt"/>
      <line num="33" count="1" type="stmt"/>
      <line num="37" count="14" type="stmt"/>
      <line num="42" count="8" type="stmt"/>
    </file>
  </project>
</coverage>
