{"/Users/mehdinabhani/Projects/antigravity/fun_projects/vidiq/web/src/components/ErrorBoundary.tsx": {"path":"/Users/mehdinabhani/Projects/antigravity/fun_projects/vidiq/web/src/components/ErrorBoundary.tsx","statementMap":{"0":{"start":{"line":14,"column":8},"end":{"line":14,"column":null}},"1":{"start":{"line":15,"column":8},"end":{"line":15,"column":null}},"2":{"start":{"line":19,"column":8},"end":{"line":19,"column":null}},"3":{"start":{"line":23,"column":8},"end":{"line":23,"column":null}},"4":{"start":{"line":27,"column":8},"end":{"line":70,"column":null}},"5":{"start":{"line":28,"column":12},"end":{"line":68,"column":null}},"6":{"start":{"line":54,"column":43},"end":{"line":54,"column":null}},"7":{"start":{"line":72,"column":8},"end":{"line":72,"column":null}}},"fnMap":{"0":{"name":"(anonymous_0)","decl":{"start":{"line":13,"column":4},"end":{"line":13,"column":16}},"loc":{"start":{"line":13,"column":30},"end":{"line":16,"column":null}},"line":13},"1":{"name":"(anonymous_1)","decl":{"start":{"line":18,"column":11},"end":{"line":18,"column":36}},"loc":{"start":{"line":18,"column":57},"end":{"line":20,"column":null}},"line":18},"2":{"name":"(anonymous_2)","decl":{"start":{"line":22,"column":4},"end":{"line":22,"column":22}},"loc":{"start":{"line":22,"column":64},"end":{"line":24,"column":null}},"line":22},"3":{"name":"(anonymous_3)","decl":{"start":{"line":26,"column":4},"end":{"line":26,"column":13}},"loc":{"start":{"line":26,"column":13},"end":{"line":73,"column":null}},"line":26},"4":{"name":"(anonymous_4)","decl":{"start":{"line":54,"column":37},"end":{"line":54,"column":43}},"loc":{"start":{"line":54,"column":43},"end":{"line":54,"column":null}},"line":54}},"branchMap":{"0":{"loc":{"start":{"line":27,"column":8},"end":{"line":70,"column":null}},"type":"if","locations":[{"start":{"line":27,"column":8},"end":{"line":70,"column":null}},{"start":{},"end":{}}],"line":27},"1":{"loc":{"start":{"line":51,"column":29},"end":{"line":51,"column":null}},"type":"binary-expr","locations":[{"start":{"line":51,"column":29},"end":{"line":51,"column":58}},{"start":{"line":51,"column":58},"end":{"line":51,"column":null}}],"line":51}},"s":{"0":6,"1":6,"2":4,"3":2,"4":9,"5":4,"6":0,"7":5},"f":{"0":6,"1":1,"2":2,"3":9,"4":0},"b":{"0":[4,5],"1":[4,0]},"meta":{"lastBranch":2,"lastFunction":5,"lastStatement":8,"seen":{"f:13:4:13:16":0,"s:14:8:14:Infinity":0,"s:15:8:15:Infinity":1,"f:18:11:18:36":1,"s:19:8:19:Infinity":2,"f:22:4:22:22":2,"s:23:8:23:Infinity":3,"f:26:4:26:13":3,"b:27:8:70:Infinity:undefined:undefined:undefined:undefined":0,"s:27:8:70:Infinity":4,"s:28:12:68:Infinity":5,"b:51:29:51:58:51:58:51:Infinity":1,"f:54:37:54:43":4,"s:54:43:54:Infinity":6,"s:72:8:72:Infinity":7}}}
,"/Users/mehdinabhani/Projects/antigravity/fun_projects/vidiq/web/src/components/Skeleton.tsx": {"path":"/Users/mehdinabhani/Projects/antigravity/fun_projects/vidiq/web/src/components/Skeleton.tsx","statementMap":{"0":{"start":{"line":10,"column":4},"end":{"line":21,"column":null}},"1":{"start":{"line":26,"column":4},"end":{"line":35,"column":null}},"2":{"start":{"line":40,"column":4},"end":{"line":60,"column":null}},"3":{"start":{"line":65,"column":4},"end":{"line":70,"column":null}},"4":{"start":{"line":68,"column":16},"end":{"line":68,"column":null}}},"fnMap":{"0":{"name":"SkeletonBox","decl":{"start":{"line":9,"column":9},"end":{"line":9,"column":21}},"loc":{"start":{"line":9,"column":111},"end":{"line":23,"column":null}},"line":9},"1":{"name":"SkeletonCard","decl":{"start":{"line":25,"column":16},"end":{"line":25,"column":31}},"loc":{"start":{"line":25,"column":31},"end":{"line":37,"column":null}},"line":25},"2":{"name":"SkeletonProfile","decl":{"start":{"line":39,"column":16},"end":{"line":39,"column":34}},"loc":{"start":{"line":39,"column":34},"end":{"line":62,"column":null}},"line":39},"3":{"name":"SkeletonList","decl":{"start":{"line":64,"column":16},"end":{"line":64,"column":29}},"loc":{"start":{"line":64,"column":64},"end":{"line":72,"column":null}},"line":64},"4":{"name":"(anonymous_4)","decl":{"start":{"line":67,"column":47},"end":{"line":67,"column":48}},"loc":{"start":{"line":68,"column":16},"end":{"line":68,"column":null}},"line":68}},"branchMap":{"0":{"loc":{"start":{"line":9,"column":23},"end":{"line":9,"column":39}},"type":"default-arg","locations":[{"start":{"line":9,"column":31},"end":{"line":9,"column":39}}],"line":9},"1":{"loc":{"start":{"line":9,"column":39},"end":{"line":9,"column":56}},"type":"default-arg","locations":[{"start":{"line":9,"column":48},"end":{"line":9,"column":56}}],"line":9},"2":{"loc":{"start":{"line":9,"column":56},"end":{"line":9,"column":78}},"type":"default-arg","locations":[{"start":{"line":9,"column":71},"end":{"line":9,"column":78}}],"line":9},"3":{"loc":{"start":{"line":9,"column":78},"end":{"line":9,"column":93}},"type":"default-arg","locations":[{"start":{"line":9,"column":90},"end":{"line":9,"column":93}}],"line":9},"4":{"loc":{"start":{"line":64,"column":31},"end":{"line":64,"column":41}},"type":"default-arg","locations":[{"start":{"line":64,"column":39},"end":{"line":64,"column":41}}],"line":64}},"s":{"0":34,"1":9,"2":1,"3":2,"4":8},"f":{"0":34,"1":9,"2":1,"3":2,"4":8},"b":{"0":[34],"1":[34],"2":[34],"3":[34],"4":[2]},"meta":{"lastBranch":5,"lastFunction":5,"lastStatement":5,"seen":{"f:9:9:9:21":0,"b:9:31:9:39":0,"b:9:48:9:56":1,"b:9:71:9:78":2,"b:9:90:9:93":3,"s:10:4:21:Infinity":0,"f:25:16:25:31":1,"s:26:4:35:Infinity":1,"f:39:16:39:34":2,"s:40:4:60:Infinity":2,"f:64:16:64:29":3,"b:64:39:64:41":4,"s:65:4:70:Infinity":3,"f:67:47:67:48":4,"s:68:16:68:Infinity":4}}}
,"/Users/mehdinabhani/Projects/antigravity/fun_projects/vidiq/web/src/components/Toast.tsx": {"path":"/Users/mehdinabhani/Projects/antigravity/fun_projects/vidiq/web/src/components/Toast.tsx","statementMap":{"0":{"start":{"line":16,"column":6},"end":{"line":16,"column":null}},"1":{"start":{"line":19,"column":10},"end":{"line":19,"column":null}},"2":{"start":{"line":20,"column":4},"end":{"line":20,"column":null}},"3":{"start":{"line":20,"column":14},"end":{"line":20,"column":null}},"4":{"start":{"line":21,"column":4},"end":{"line":21,"column":null}},"5":{"start":{"line":24,"column":14},"end":{"line":24,"column":null}},"6":{"start":{"line":27,"column":28},"end":{"line":27,"column":null}},"7":{"start":{"line":29,"column":10},"end":{"line":35,"column":null}},"8":{"start":{"line":30,"column":19},"end":{"line":30,"column":null}},"9":{"start":{"line":31,"column":8},"end":{"line":31,"column":null}},"10":{"start":{"line":31,"column":28},"end":{"line":31,"column":60}},"11":{"start":{"line":32,"column":8},"end":{"line":34,"column":null}},"12":{"start":{"line":33,"column":12},"end":{"line":33,"column":null}},"13":{"start":{"line":33,"column":32},"end":{"line":33,"column":63}},"14":{"start":{"line":33,"column":51},"end":{"line":33,"column":62}},"15":{"start":{"line":37,"column":4},"end":{"line":47,"column":null}},"16":{"start":{"line":42,"column":20},"end":{"line":44,"column":null}}},"fnMap":{"0":{"name":"useToast","decl":{"start":{"line":18,"column":16},"end":{"line":18,"column":27}},"loc":{"start":{"line":18,"column":27},"end":{"line":22,"column":null}},"line":18},"1":{"name":"ToastProvider","decl":{"start":{"line":26,"column":16},"end":{"line":26,"column":30}},"loc":{"start":{"line":26,"column":69},"end":{"line":49,"column":null}},"line":26},"2":{"name":"(anonymous_2)","decl":{"start":{"line":29,"column":33},"end":{"line":29,"column":34}},"loc":{"start":{"line":29,"column":83},"end":{"line":35,"column":7}},"line":29},"3":{"name":"(anonymous_3)","decl":{"start":{"line":31,"column":18},"end":{"line":31,"column":19}},"loc":{"start":{"line":31,"column":28},"end":{"line":31,"column":60}},"line":31},"4":{"name":"(anonymous_4)","decl":{"start":{"line":32,"column":19},"end":{"line":32,"column":25}},"loc":{"start":{"line":32,"column":25},"end":{"line":34,"column":11}},"line":32},"5":{"name":"(anonymous_5)","decl":{"start":{"line":33,"column":22},"end":{"line":33,"column":23}},"loc":{"start":{"line":33,"column":32},"end":{"line":33,"column":63}},"line":33},"6":{"name":"(anonymous_6)","decl":{"start":{"line":33,"column":44},"end":{"line":33,"column":45}},"loc":{"start":{"line":33,"column":51},"end":{"line":33,"column":62}},"line":33},"7":{"name":"(anonymous_7)","decl":{"start":{"line":41,"column":28},"end":{"line":41,"column":29}},"loc":{"start":{"line":42,"column":20},"end":{"line":44,"column":null}},"line":42}},"branchMap":{"0":{"loc":{"start":{"line":20,"column":4},"end":{"line":20,"column":null}},"type":"if","locations":[{"start":{"line":20,"column":4},"end":{"line":20,"column":null}},{"start":{},"end":{}}],"line":20},"1":{"loc":{"start":{"line":29,"column":51},"end":{"line":29,"column":83}},"type":"default-arg","locations":[{"start":{"line":29,"column":69},"end":{"line":29,"column":83}}],"line":29}},"s":{"0":1,"1":17,"2":17,"3":2,"4":14,"5":1,"6":14,"7":14,"8":7,"9":7,"10":7,"11":7,"12":1,"13":1,"14":1,"15":14,"16":8},"f":{"0":17,"1":14,"2":7,"3":7,"4":1,"5":1,"6":1,"7":8},"b":{"0":[2,15],"1":[7]},"meta":{"lastBranch":2,"lastFunction":8,"lastStatement":17,"seen":{"s:16:6:16:Infinity":0,"f:18:16:18:27":0,"s:19:10:19:Infinity":1,"b:20:4:20:Infinity:undefined:undefined:undefined:undefined":0,"s:20:4:20:Infinity":2,"s:20:14:20:Infinity":3,"s:21:4:21:Infinity":4,"s:24:14:24:Infinity":5,"f:26:16:26:30":1,"s:27:28:27:Infinity":6,"s:29:10:35:Infinity":7,"f:29:33:29:34":2,"b:29:69:29:83":1,"s:30:19:30:Infinity":8,"s:31:8:31:Infinity":9,"f:31:18:31:19":3,"s:31:28:31:60":10,"s:32:8:34:Infinity":11,"f:32:19:32:25":4,"s:33:12:33:Infinity":12,"f:33:22:33:23":5,"s:33:32:33:63":13,"f:33:44:33:45":6,"s:33:51:33:62":14,"s:37:4:47:Infinity":15,"f:41:28:41:29":7,"s:42:20:44:Infinity":16}}}
}
